<?xml version="1.0" encoding="UTF-8"?>
<!-- Generated by org.testng.reporters.JUnitReportReporter -->
<testsuite hostname="ScandaDyuthi" failures="0" tests="3" name="test.Testing2" time="48.783" errors="0" timestamp="2024-08-30T20:21:48 IST" skipped="0">
  <testcase classname="test.Testing2" name="test3" time="17.392"/>
  <testcase classname="test.Testing2" name="test2" time="7.609"/>
  <testcase classname="test.Testing2" name="test4" time="23.782"/>
</testsuite> <!-- test.Testing2 -->
