<?xml version="1.0" encoding="UTF-8"?>
<!-- Generated by org.testng.reporters.JUnitReportReporter -->
<testsuite hostname="ScandaDyuthi" failures="0" tests="2" name="test.Login_test" time="28.691" errors="0" timestamp="2024-08-24T01:47:42 IST" skipped="0">
  <testcase classname="test.Login_test" name="test2" time="1.271"/>
  <testcase classname="test.Login_test" name="test" time="27.420"/>
</testsuite> <!-- test.Login_test -->
